<component name="libraryTable">
  <library name="junit-4.5">
    <CLASSES>
      <root url="jar://$PROJECT_DIR$/src/main/java/nl/rug/oop/worldwind/junit-4.5.jar!/" />
    </CLASSES>
    <JAVADOC />
    <SOURCES />
  </library>
</component>